\BOOKMARK [1][-]{section.1}{Introduction}{}% 1
\BOOKMARK [1][-]{section.2}{Implementing\040PageRank\040Generally}{}% 2
\BOOKMARK [2][-]{subsection.2.1}{Definitions}{section.2}% 3
\BOOKMARK [3][-]{subsubsection.2.1.1}{Notation}{subsection.2.1}% 4
\BOOKMARK [2][-]{subsection.2.2}{Random\040Surfer\040Model}{section.2}% 5
\BOOKMARK [3][-]{subsubsection.2.2.1}{Issues}{subsection.2.2}% 6
\BOOKMARK [3][-]{subsubsection.2.2.2}{Markov\040Chains}{subsection.2.2}% 7
\BOOKMARK [3][-]{subsubsection.2.2.3}{Limitations}{subsection.2.2}% 8
\BOOKMARK [2][-]{subsection.2.3}{Power\040walk}{section.2}% 9
\BOOKMARK [1][-]{section.3}{Sparse\040Matrices}{}% 10
\BOOKMARK [2][-]{subsection.3.1}{Solving\040the\040Stationary\040Distribution}{section.3}% 11
\BOOKMARK [1][-]{section.4}{Implementing\040the\040Models}{}% 12
\BOOKMARK [2][-]{subsection.4.1}{Implementing\040the\040Random\040Surfer}{section.4}% 13
\BOOKMARK [3][-]{subsubsection.4.1.1}{Small\040Graph,\040Ordinary\040Matrices}{subsection.4.1}% 14
\BOOKMARK [3][-]{subsubsection.4.1.2}{Large\040Graph,\040Sparse\040Matrices\040using\040CRS}{subsection.4.1}% 15
\BOOKMARK [2][-]{subsection.4.2}{Power\040Walk\040Method}{section.4}% 16
\BOOKMARK [3][-]{subsubsection.4.2.1}{Introduction}{subsection.4.2}% 17
\BOOKMARK [3][-]{subsubsection.4.2.2}{Ordinary\040Matrices}{subsection.4.2}% 18
\BOOKMARK [3][-]{subsubsection.4.2.3}{Sparse\040Matrices}{subsection.4.2}% 19
\BOOKMARK [1][-]{section.5}{Creating\040a\040Package}{}% 20
\BOOKMARK [1][-]{section.6}{Investigating\040the\040Second\040EigenValue}{}% 21
\BOOKMARK [2][-]{subsection.6.1}{ER\040Graphs\040Plotting\040Various\040Values}{section.6}% 22
\BOOKMARK [3][-]{subsubsection.6.1.1}{Density\040of\040Adjacency\040Matrix}{subsection.6.1}% 23
\BOOKMARK [3][-]{subsubsection.6.1.2}{Trace\040of\040Transition\040Probability\040Matrix}{subsection.6.1}% 24
\BOOKMARK [2][-]{subsection.6.2}{Model\040the\040log\040transformed\040data\040using\040a\040linear\040regression\040or\040log\(-x\)\040regression}{section.6}% 25
\BOOKMARK [3][-]{subsubsection.6.2.1}{Change\040the\040colour\040of\040each\040model\040by\040using\040pivotlonger}{subsection.6.2}% 26
\BOOKMARK [2][-]{subsection.6.3}{Import\040wikipedia\040data}{section.6}% 27
\BOOKMARK [2][-]{subsection.6.4}{Look\040at\040the\040Trace\040of\040the\040Matrix\040as\040a\040comparison\040point}{section.6}% 28
\BOOKMARK [2][-]{subsection.6.5}{Use\040BA\040Graphs}{section.6}% 29
\BOOKMARK [1][-]{section.7}{Simulating\040the\040Structure\040of\040the\040Web}{}% 30
\BOOKMARK [1][-]{section.8}{Relating\040the\040Power\040Walk\040to\040the\040Random\040Surfer}{}% 31
\BOOKMARK [2][-]{subsection.8.1}{Introduction}{section.8}% 32
\BOOKMARK [2][-]{subsection.8.2}{Value\040of\040[1st\040Term]}{section.8}% 33
\BOOKMARK [2][-]{subsection.8.3}{Value\040of\040\1732nd\040Term\175}{section.8}% 34
\BOOKMARK [2][-]{subsection.8.4}{Equate\040the\040Power\040Walk\040to\040the\040Random\040Surfer}{section.8}% 35
\BOOKMARK [2][-]{subsection.8.5}{Conclusion}{section.8}% 36
\BOOKMARK [2][-]{subsection.8.6}{The\040Second\040Eigenvalue}{section.8}% 37
\BOOKMARK [3][-]{subsubsection.8.6.1}{The\040Random\040Surfer}{subsection.8.6}% 38
\BOOKMARK [3][-]{subsubsection.8.6.2}{Power\040Walk}{subsection.8.6}% 39
\BOOKMARK [1][-]{section.9}{Appendix}{}% 40
\BOOKMARK [2][-]{subsection.9.1}{Graph\040Diagrams}{section.9}% 41
\BOOKMARK [1][-]{section.10}{my\040to\040do\040list}{}% 42
\BOOKMARK [2][-]{subsection.10.1}{Look\040at\040the\040Trace\040of\040the\040Matrix\040as\040a\040comparison\040point}{section.10}% 43
\BOOKMARK [2][-]{subsection.10.2}{Use\040BA\040Graphs}{section.10}% 44
\BOOKMARK [2][-]{subsection.10.3}{TODO\040Diamater}{section.10}% 45
\BOOKMARK [2][-]{subsection.10.4}{Improving\040the\040Performance\040of\040Page\040Rank}{section.10}% 46
